<?xml version="1.0" encoding="UTF-8"?>
<!-- Generated by org.testng.reporters.JUnitXMLReporter -->
<testsuite ignored="1" hostname="DESKTOP-B6C79S4" failures="1" tests="1" name="Test(failed)(failed)" time="0.074" errors="0" timestamp="2022-12-18T00:06:24 IST">
  <testcase classname="testng.Sample3" name="m6" time="0.018">
    <failure type="java.lang.AssertionError" message="null">
      <![CDATA[java.lang.AssertionError: null
at testng.Sample3.m6(Sample3.java:16)
at java.base/java.util.ArrayList.forEach(ArrayList.java:1511)
... Removed 27 stack frames]]>
    </failure>
  </testcase> <!-- m6 -->
  <testcase classname="testng.Sample3" name="m5" time="0.0">
    <ignored/>
  </testcase> <!-- m5 -->
</testsuite> <!-- Test(failed)(failed) -->
