<?xml version="1.0" encoding="UTF-8"?>
<!-- Generated by org.testng.reporters.JUnitXMLReporter -->
<testsuite ignored="3" hostname="DESKTOP-B6C79S4" failures="0" tests="3" name="Test" time="0.092" errors="0" timestamp="2022-12-24T11:49:21 IST">
  <testcase classname="testng.Grouping_of_TestCases" name="m1" time="0.021"/>
  <testcase classname="testng.Grouping_of_TestCases" name="m2" time="0.004"/>
  <testcase classname="testng.Grouping_of_TestCases" name="m6" time="0.003"/>
  <testcase classname="testng.Grouping_of_TestCases" name="m5" time="0.0">
    <ignored/>
  </testcase> <!-- m5 -->
  <testcase classname="testng.Grouping_of_TestCases" name="m4" time="0.0">
    <ignored/>
  </testcase> <!-- m4 -->
  <testcase classname="testng.Grouping_of_TestCases" name="m3" time="0.0">
    <ignored/>
  </testcase> <!-- m3 -->
</testsuite> <!-- Test -->
